<?xml version="1.0" encoding="UTF-8"?>
<testng-results ignored="0" total="3" passed="3" failed="0" skipped="0">
  <reporter-output>
  </reporter-output>
  <suite started-at="2024-04-12T06:17:58Z" name="Default suite" finished-at="2024-04-12T06:19:29Z" duration-ms="91661">
    <groups>
    </groups>
    <test started-at="2024-04-12T06:17:58Z" name="Default test" finished-at="2024-04-12T06:19:29Z" duration-ms="91661">
      <class name="org.hexa.Sample">
        <test-method signature="login(java.lang.String, java.lang.String)[pri:0, instance:org.hexa.Sample@1efe439d]" started-at="2024-04-12T06:17:58Z" name="login" data-provider="res" finished-at="2024-04-12T06:18:28Z" duration-ms="30506" status="PASS">
          <params>
            <param index="0">
              <value>
                <![CDATA[bala@gmail.com]]>
              </value>
            </param>
            <param index="1">
              <value>
                <![CDATA[bala@123]]>
              </value>
            </param>
          </params>
          <reporter-output>
          </reporter-output>
        </test-method> <!-- login -->
        <test-method signature="login(java.lang.String, java.lang.String)[pri:0, instance:org.hexa.Sample@1efe439d]" started-at="2024-04-12T06:18:28Z" name="login" data-provider="res" finished-at="2024-04-12T06:18:58Z" duration-ms="29797" status="PASS">
          <params>
            <param index="0">
              <value>
                <![CDATA[arun@gmail.com]]>
              </value>
            </param>
            <param index="1">
              <value>
                <![CDATA[arun@123]]>
              </value>
            </param>
          </params>
          <reporter-output>
          </reporter-output>
        </test-method> <!-- login -->
        <test-method signature="login(java.lang.String, java.lang.String)[pri:0, instance:org.hexa.Sample@1efe439d]" started-at="2024-04-12T06:18:58Z" name="login" data-provider="res" finished-at="2024-04-12T06:19:29Z" duration-ms="31325" status="PASS">
          <params>
            <param index="0">
              <value>
                <![CDATA[guna@gmail.com]]>
              </value>
            </param>
            <param index="1">
              <value>
                <![CDATA[guna@123]]>
              </value>
            </param>
          </params>
          <reporter-output>
          </reporter-output>
        </test-method> <!-- login -->
      </class> <!-- org.hexa.Sample -->
    </test> <!-- Default test -->
  </suite> <!-- Default suite -->
</testng-results>
